30. 9. 2009 19:38:50 [ThreadException] Input string was not in a correct format.
   at System.Number.StringToNumber(String str, NumberStyles options, NumberBuffer& number, NumberFormatInfo info, Boolean parseDecimal)
   at System.Number.ParseSingle(String value, NumberStyles options, NumberFormatInfo numfmt)
   at System.Single.Parse(String s, NumberStyles style, NumberFormatInfo info)
   at System.Single.Parse(String s)
   at Robot.battery.rfiles(Graphics graf, Int32 mierka2) in D:\_GPS_ROBOT\Robot_new_cam_kin5_motion_3D_gmaps_color_rec_Feriancik\battery.cs:line 250
   at Robot.Robot.battmonstart_Click(Object sender, EventArgs e) in D:\_GPS_ROBOT\Robot_new_cam_kin5_motion_3D_gmaps_color_rec_Feriancik\Form_Main.cs:line 3311
   at System.Windows.Forms.Control.OnClick(EventArgs e)
   at System.Windows.Forms.Button.OnClick(EventArgs e)
   at System.Windows.Forms.Button.OnMouseUp(MouseEventArgs mevent)
   at System.Windows.Forms.Control.WmMouseUp(Message& m, MouseButtons button, Int32 clicks)
   at System.Windows.Forms.Control.WndProc(Message& m)
   at System.Windows.Forms.ButtonBase.WndProc(Message& m)
   at System.Windows.Forms.Button.WndProc(Message& m)
   at System.Windows.Forms.Control.ControlNativeWindow.OnMessage(Message& m)
   at System.Windows.Forms.Control.ControlNativeWindow.WndProc(Message& m)
   at System.Windows.Forms.NativeWindow.Callback(IntPtr hWnd, Int32 msg, IntPtr wparam, IntPtr lparam)
30. 9. 2009 19:38:59 [ThreadException] Input string was not in a correct format.
   at System.Number.StringToNumber(String str, NumberStyles options, NumberBuffer& number, NumberFormatInfo info, Boolean parseDecimal)
   at System.Number.ParseSingle(String value, NumberStyles options, NumberFormatInfo numfmt)
   at System.Single.Parse(String s, NumberStyles style, NumberFormatInfo info)
   at System.Single.Parse(String s)
   at Robot.battery.rfiles(Graphics graf, Int32 mierka2) in D:\_GPS_ROBOT\Robot_new_cam_kin5_motion_3D_gmaps_color_rec_Feriancik\battery.cs:line 250
   at Robot.Robot.battmonstart_Click(Object sender, EventArgs e) in D:\_GPS_ROBOT\Robot_new_cam_kin5_motion_3D_gmaps_color_rec_Feriancik\Form_Main.cs:line 3311
   at System.Windows.Forms.Control.OnClick(EventArgs e)
   at System.Windows.Forms.Button.OnClick(EventArgs e)
   at System.Windows.Forms.Button.OnMouseUp(MouseEventArgs mevent)
   at System.Windows.Forms.Control.WmMouseUp(Message& m, MouseButtons button, Int32 clicks)
   at System.Windows.Forms.Control.WndProc(Message& m)
   at System.Windows.Forms.ButtonBase.WndProc(Message& m)
   at System.Windows.Forms.Button.WndProc(Message& m)
   at System.Windows.Forms.Control.ControlNativeWindow.OnMessage(Message& m)
   at System.Windows.Forms.Control.ControlNativeWindow.WndProc(Message& m)
   at System.Windows.Forms.NativeWindow.Callback(IntPtr hWnd, Int32 msg, IntPtr wparam, IntPtr lparam)
30. 9. 2009 19:39:00 [ThreadException] Input string was not in a correct format.
   at System.Number.StringToNumber(String str, NumberStyles options, NumberBuffer& number, NumberFormatInfo info, Boolean parseDecimal)
   at System.Number.ParseSingle(String value, NumberStyles options, NumberFormatInfo numfmt)
   at System.Single.Parse(String s, NumberStyles style, NumberFormatInfo info)
   at System.Single.Parse(String s)
   at Robot.battery.rfiles(Graphics graf, Int32 mierka2) in D:\_GPS_ROBOT\Robot_new_cam_kin5_motion_3D_gmaps_color_rec_Feriancik\battery.cs:line 250
   at Robot.Robot.battmonstart_Click(Object sender, EventArgs e) in D:\_GPS_ROBOT\Robot_new_cam_kin5_motion_3D_gmaps_color_rec_Feriancik\Form_Main.cs:line 3311
   at System.Windows.Forms.Control.OnClick(EventArgs e)
   at System.Windows.Forms.Button.OnClick(EventArgs e)
   at System.Windows.Forms.Button.OnMouseUp(MouseEventArgs mevent)
   at System.Windows.Forms.Control.WmMouseUp(Message& m, MouseButtons button, Int32 clicks)
   at System.Windows.Forms.Control.WndProc(Message& m)
   at System.Windows.Forms.ButtonBase.WndProc(Message& m)
   at System.Windows.Forms.Button.WndProc(Message& m)
   at System.Windows.Forms.Control.ControlNativeWindow.OnMessage(Message& m)
   at System.Windows.Forms.Control.ControlNativeWindow.WndProc(Message& m)
   at System.Windows.Forms.NativeWindow.Callback(IntPtr hWnd, Int32 msg, IntPtr wparam, IntPtr lparam)
30. 9. 2009 19:39:11 [ThreadException] Input string was not in a correct format.
   at System.Number.StringToNumber(String str, NumberStyles options, NumberBuffer& number, NumberFormatInfo info, Boolean parseDecimal)
   at System.Number.ParseSingle(String value, NumberStyles options, NumberFormatInfo numfmt)
   at System.Single.Parse(String s, NumberStyles style, NumberFormatInfo info)
   at System.Single.Parse(String s)
   at Robot.battery.rfiles(Graphics graf, Int32 mierka2) in D:\_GPS_ROBOT\Robot_new_cam_kin5_motion_3D_gmaps_color_rec_Feriancik\battery.cs:line 250
   at Robot.Robot.battmonstart_Click(Object sender, EventArgs e) in D:\_GPS_ROBOT\Robot_new_cam_kin5_motion_3D_gmaps_color_rec_Feriancik\Form_Main.cs:line 3311
   at System.Windows.Forms.Control.OnClick(EventArgs e)
   at System.Windows.Forms.Button.OnClick(EventArgs e)
   at System.Windows.Forms.Button.OnMouseUp(MouseEventArgs mevent)
   at System.Windows.Forms.Control.WmMouseUp(Message& m, MouseButtons button, Int32 clicks)
   at System.Windows.Forms.Control.WndProc(Message& m)
   at System.Windows.Forms.ButtonBase.WndProc(Message& m)
   at System.Windows.Forms.Button.WndProc(Message& m)
   at System.Windows.Forms.Control.ControlNativeWindow.OnMessage(Message& m)
   at System.Windows.Forms.Control.ControlNativeWindow.WndProc(Message& m)
   at System.Windows.Forms.NativeWindow.Callback(IntPtr hWnd, Int32 msg, IntPtr wparam, IntPtr lparam)
1. 10. 2009 6:44:53 [regular] Object reference not set to an instance of an object.
   at Poderosa.Terminal.TerminalDataReceiver.DataArrived(Byte[] data, Int32 offset, Int32 count)
1. 10. 2009 6:44:53 [regular] Object reference not set to an instance of an object.
   at Poderosa.Terminal.TerminalDataReceiver.DataArrived(Byte[] data, Int32 offset, Int32 count)
1. 10. 2009 6:44:53 [regular] Object reference not set to an instance of an object.
   at Poderosa.Terminal.TerminalDataReceiver.DataArrived(Byte[] data, Int32 offset, Int32 count)
6. 10. 2009 8:15:31 [ThreadException] Input string was not in a correct format.
   at System.Number.StringToNumber(String str, NumberStyles options, NumberBuffer& number, NumberFormatInfo info, Boolean parseDecimal)
   at System.Number.ParseSingle(String value, NumberStyles options, NumberFormatInfo numfmt)
   at System.Single.Parse(String s, NumberStyles style, NumberFormatInfo info)
   at System.Single.Parse(String s)
   at Robot.Robot1.button31_Click(Object sender, EventArgs e) in D:\_GPS_ROBOT\Robot_new_cam_kin5_motion_3D_gmaps_color_rec_Feriancik\Form_Main.cs:line 2738
   at System.Windows.Forms.Control.OnClick(EventArgs e)
   at System.Windows.Forms.Button.OnClick(EventArgs e)
   at System.Windows.Forms.Button.OnMouseUp(MouseEventArgs mevent)
   at System.Windows.Forms.Control.WmMouseUp(Message& m, MouseButtons button, Int32 clicks)
   at System.Windows.Forms.Control.WndProc(Message& m)
   at System.Windows.Forms.ButtonBase.WndProc(Message& m)
   at System.Windows.Forms.Button.WndProc(Message& m)
   at System.Windows.Forms.Control.ControlNativeWindow.OnMessage(Message& m)
   at System.Windows.Forms.Control.ControlNativeWindow.WndProc(Message& m)
   at System.Windows.Forms.NativeWindow.Callback(IntPtr hWnd, Int32 msg, IntPtr wparam, IntPtr lparam)
6. 10. 2009 8:15:31 [ThreadException] Input string was not in a correct format.
   at System.Number.StringToNumber(String str, NumberStyles options, NumberBuffer& number, NumberFormatInfo info, Boolean parseDecimal)
   at System.Number.ParseSingle(String value, NumberStyles options, NumberFormatInfo numfmt)
   at System.Single.Parse(String s, NumberStyles style, NumberFormatInfo info)
   at System.Single.Parse(String s)
   at Robot.Robot1.button31_Click(Object sender, EventArgs e) in D:\_GPS_ROBOT\Robot_new_cam_kin5_motion_3D_gmaps_color_rec_Feriancik\Form_Main.cs:line 2738
   at System.Windows.Forms.Control.OnClick(EventArgs e)
   at System.Windows.Forms.Button.OnClick(EventArgs e)
   at System.Windows.Forms.Button.OnMouseUp(MouseEventArgs mevent)
   at System.Windows.Forms.Control.WmMouseUp(Message& m, MouseButtons button, Int32 clicks)
   at System.Windows.Forms.Control.WndProc(Message& m)
   at System.Windows.Forms.ButtonBase.WndProc(Message& m)
   at System.Windows.Forms.Button.WndProc(Message& m)
   at System.Windows.Forms.Control.ControlNativeWindow.OnMessage(Message& m)
   at System.Windows.Forms.Control.ControlNativeWindow.WndProc(Message& m)
   at System.Windows.Forms.NativeWindow.Callback(IntPtr hWnd, Int32 msg, IntPtr wparam, IntPtr lparam)
11. 3. 2010 8:49:12 [ThreadException]  nie je platnou aplikáciou Win32. (Exception from HRESULT: 0x800700C1)
   at Robot.Robot1.Robot_Load(Object sender, EventArgs e)
   at System.Windows.Forms.Form.OnLoad(EventArgs e)
   at System.Windows.Forms.Control.CreateControl(Boolean fIgnoreVisible)
   at System.Windows.Forms.Control.CreateControl()
   at System.Windows.Forms.Control.WmShowWindow(Message& m)
   at System.Windows.Forms.Control.WndProc(Message& m)
   at System.Windows.Forms.Control.ControlNativeWindow.WndProc(Message& m)
   at System.Windows.Forms.NativeWindow.Callback(IntPtr hWnd, Int32 msg, IntPtr wparam, IntPtr lparam)
22. 3. 2010 10:18:05 [ThreadException]  nie je platnou aplikáciou Win32. (Exception from HRESULT: 0x800700C1)
   at Robot.Robot1.Robot_Load(Object sender, EventArgs e)
   at System.Windows.Forms.Form.OnLoad(EventArgs e)
   at System.Windows.Forms.Control.CreateControl(Boolean fIgnoreVisible)
   at System.Windows.Forms.Control.CreateControl()
   at System.Windows.Forms.Control.WmShowWindow(Message& m)
   at System.Windows.Forms.Control.WndProc(Message& m)
   at System.Windows.Forms.Control.ControlNativeWindow.WndProc(Message& m)
   at System.Windows.Forms.NativeWindow.Callback(IntPtr hWnd, Int32 msg, IntPtr wparam, IntPtr lparam)
23. 3. 2010 9:58:55 [ThreadException]  nie je platnou aplikáciou Win32. (Exception from HRESULT: 0x800700C1)
   at Robot.Robot1.Robot_Load(Object sender, EventArgs e)
   at System.Windows.Forms.Form.OnLoad(EventArgs e)
   at System.Windows.Forms.Control.CreateControl(Boolean fIgnoreVisible)
   at System.Windows.Forms.Control.CreateControl()
   at System.Windows.Forms.Control.WmShowWindow(Message& m)
   at System.Windows.Forms.Control.WndProc(Message& m)
   at System.Windows.Forms.Control.ControlNativeWindow.WndProc(Message& m)
   at System.Windows.Forms.NativeWindow.Callback(IntPtr hWnd, Int32 msg, IntPtr wparam, IntPtr lparam)
23. 3. 2010 10:11:26 [ThreadException]  nie je platnou aplikáciou Win32. (Exception from HRESULT: 0x800700C1)
   at Robot.Robot1.Robot_Load(Object sender, EventArgs e)
   at System.Windows.Forms.Form.OnLoad(EventArgs e)
   at System.Windows.Forms.Control.CreateControl(Boolean fIgnoreVisible)
   at System.Windows.Forms.Control.CreateControl()
   at System.Windows.Forms.Control.WmShowWindow(Message& m)
   at System.Windows.Forms.Control.WndProc(Message& m)
   at System.Windows.Forms.Control.ControlNativeWindow.WndProc(Message& m)
   at System.Windows.Forms.NativeWindow.Callback(IntPtr hWnd, Int32 msg, IntPtr wparam, IntPtr lparam)
23. 3. 2010 10:15:56 [ThreadException]  nie je platnou aplikáciou Win32. (Exception from HRESULT: 0x800700C1)
   at Robot.Robot1.Robot_Load(Object sender, EventArgs e)
   at System.Windows.Forms.Form.OnLoad(EventArgs e)
   at System.Windows.Forms.Control.CreateControl(Boolean fIgnoreVisible)
   at System.Windows.Forms.Control.CreateControl()
   at System.Windows.Forms.Control.WmShowWindow(Message& m)
   at System.Windows.Forms.Control.WndProc(Message& m)
   at System.Windows.Forms.Control.ControlNativeWindow.WndProc(Message& m)
   at System.Windows.Forms.NativeWindow.Callback(IntPtr hWnd, Int32 msg, IntPtr wparam, IntPtr lparam)
23. 3. 2010 10:20:04 [ThreadException] Object reference not set to an instance of an object.
   at Robot.Communication.TCP_Client_Stop() in D:\_GPS_ROBOT\Robot_new_G4\Communication.cs:line 59
   at Robot.Robot1.toolStripdisconnect_Click(Object sender, EventArgs e) in D:\_GPS_ROBOT\Robot_new_G4\Form_Main.cs:line 1017
   at System.Windows.Forms.ToolStripItem.RaiseEvent(Object key, EventArgs e)
   at System.Windows.Forms.ToolStripMenuItem.OnClick(EventArgs e)
   at System.Windows.Forms.ToolStripItem.HandleClick(EventArgs e)
   at System.Windows.Forms.ToolStripItem.HandleMouseUp(MouseEventArgs e)
   at System.Windows.Forms.ToolStrip.OnMouseUp(MouseEventArgs mea)
   at System.Windows.Forms.ToolStripDropDown.OnMouseUp(MouseEventArgs mea)
   at System.Windows.Forms.Control.WmMouseUp(Message& m, MouseButtons button, Int32 clicks)
   at System.Windows.Forms.Control.WndProc(Message& m)
   at System.Windows.Forms.ToolStrip.WndProc(Message& m)
   at System.Windows.Forms.ToolStripDropDown.WndProc(Message& m)
   at System.Windows.Forms.Control.ControlNativeWindow.WndProc(Message& m)
   at System.Windows.Forms.NativeWindow.Callback(IntPtr hWnd, Int32 msg, IntPtr wparam, IntPtr lparam)
23. 3. 2010 10:20:10 [ThreadException] Object reference not set to an instance of an object.
   at Robot.Communication.TCP_Client_Stop() in D:\_GPS_ROBOT\Robot_new_G4\Communication.cs:line 59
   at Robot.Robot1.toolStripdisconnect_Click(Object sender, EventArgs e) in D:\_GPS_ROBOT\Robot_new_G4\Form_Main.cs:line 1017
   at System.Windows.Forms.ToolStripItem.RaiseEvent(Object key, EventArgs e)
   at System.Windows.Forms.ToolStripMenuItem.OnClick(EventArgs e)
   at System.Windows.Forms.ToolStripItem.HandleClick(EventArgs e)
   at System.Windows.Forms.ToolStripItem.HandleMouseUp(MouseEventArgs e)
   at System.Windows.Forms.ToolStrip.OnMouseUp(MouseEventArgs mea)
   at System.Windows.Forms.ToolStripDropDown.OnMouseUp(MouseEventArgs mea)
   at System.Windows.Forms.Control.WmMouseUp(Message& m, MouseButtons button, Int32 clicks)
   at System.Windows.Forms.Control.WndProc(Message& m)
   at System.Windows.Forms.ToolStrip.WndProc(Message& m)
   at System.Windows.Forms.ToolStripDropDown.WndProc(Message& m)
   at System.Windows.Forms.Control.ControlNativeWindow.WndProc(Message& m)
   at System.Windows.Forms.NativeWindow.Callback(IntPtr hWnd, Int32 msg, IntPtr wparam, IntPtr lparam)
23. 3. 2010 10:20:16 [ThreadException]  nie je platnou aplikáciou Win32. (Exception from HRESULT: 0x800700C1)
   at Robot.Robot1.Robot_Load(Object sender, EventArgs e)
   at System.Windows.Forms.Form.OnLoad(EventArgs e)
   at System.Windows.Forms.Control.CreateControl(Boolean fIgnoreVisible)
   at System.Windows.Forms.Control.CreateControl()
   at System.Windows.Forms.Control.WmShowWindow(Message& m)
   at System.Windows.Forms.Control.WndProc(Message& m)
   at System.Windows.Forms.Control.ControlNativeWindow.WndProc(Message& m)
   at System.Windows.Forms.NativeWindow.Callback(IntPtr hWnd, Int32 msg, IntPtr wparam, IntPtr lparam)
23. 3. 2010 10:33:18 [ThreadException]  nie je platnou aplikáciou Win32. (Exception from HRESULT: 0x800700C1)
   at Robot.Robot1.Robot_Load(Object sender, EventArgs e)
   at System.Windows.Forms.Form.OnLoad(EventArgs e)
   at System.Windows.Forms.Control.CreateControl(Boolean fIgnoreVisible)
   at System.Windows.Forms.Control.CreateControl()
   at System.Windows.Forms.Control.WmShowWindow(Message& m)
   at System.Windows.Forms.Control.WndProc(Message& m)
   at System.Windows.Forms.Control.ControlNativeWindow.WndProc(Message& m)
   at System.Windows.Forms.NativeWindow.Callback(IntPtr hWnd, Int32 msg, IntPtr wparam, IntPtr lparam)
23. 3. 2010 10:35:23 [ThreadException]  nie je platnou aplikáciou Win32. (Exception from HRESULT: 0x800700C1)
   at Robot.Robot1.Robot_Load(Object sender, EventArgs e)
   at System.Windows.Forms.Form.OnLoad(EventArgs e)
   at System.Windows.Forms.Control.CreateControl(Boolean fIgnoreVisible)
   at System.Windows.Forms.Control.CreateControl()
   at System.Windows.Forms.Control.WmShowWindow(Message& m)
   at System.Windows.Forms.Control.WndProc(Message& m)
   at System.Windows.Forms.Control.ControlNativeWindow.WndProc(Message& m)
   at System.Windows.Forms.NativeWindow.Callback(IntPtr hWnd, Int32 msg, IntPtr wparam, IntPtr lparam)
25. 3. 2010 14:06:45 [ThreadException] Object reference not set to an instance of an object.
   at WalburySoftware.TerminalControl.SendText(String command)
   at Robot.Robot1.button81_Click(Object sender, EventArgs e) in D:\_GPS_ROBOT\Robot_new_G4\Form_Main.cs:line 3726
   at System.Windows.Forms.Control.OnClick(EventArgs e)
   at System.Windows.Forms.Button.OnClick(EventArgs e)
   at System.Windows.Forms.Button.OnMouseUp(MouseEventArgs mevent)
   at System.Windows.Forms.Control.WmMouseUp(Message& m, MouseButtons button, Int32 clicks)
   at System.Windows.Forms.Control.WndProc(Message& m)
   at System.Windows.Forms.ButtonBase.WndProc(Message& m)
   at System.Windows.Forms.Button.WndProc(Message& m)
   at System.Windows.Forms.Control.ControlNativeWindow.OnMessage(Message& m)
   at System.Windows.Forms.Control.ControlNativeWindow.WndProc(Message& m)
   at System.Windows.Forms.NativeWindow.Callback(IntPtr hWnd, Int32 msg, IntPtr wparam, IntPtr lparam)
25. 3. 2010 14:06:46 [ThreadException] Object reference not set to an instance of an object.
   at WalburySoftware.TerminalControl.SendText(String command)
   at Robot.Robot1.button81_Click(Object sender, EventArgs e) in D:\_GPS_ROBOT\Robot_new_G4\Form_Main.cs:line 3726
   at System.Windows.Forms.Control.OnClick(EventArgs e)
   at System.Windows.Forms.Button.OnClick(EventArgs e)
   at System.Windows.Forms.Button.OnMouseUp(MouseEventArgs mevent)
   at System.Windows.Forms.Control.WmMouseUp(Message& m, MouseButtons button, Int32 clicks)
   at System.Windows.Forms.Control.WndProc(Message& m)
   at System.Windows.Forms.ButtonBase.WndProc(Message& m)
   at System.Windows.Forms.Button.WndProc(Message& m)
   at System.Windows.Forms.Control.ControlNativeWindow.OnMessage(Message& m)
   at System.Windows.Forms.Control.ControlNativeWindow.WndProc(Message& m)
   at System.Windows.Forms.NativeWindow.Callback(IntPtr hWnd, Int32 msg, IntPtr wparam, IntPtr lparam)
1. 4. 2010 9:37:52 [ThreadException] Object reference not set to an instance of an object.
   at WalburySoftware.TerminalControl.SetPaneColors(Color TextColor, Color BackColor)
   at Robot.Robot1.button70_Click(Object sender, EventArgs e) in D:\_GPS_ROBOT\Robot_new_G4\Form_Main.cs:line 3357
   at System.Windows.Forms.Control.OnClick(EventArgs e)
   at System.Windows.Forms.Button.OnClick(EventArgs e)
   at System.Windows.Forms.Button.OnMouseUp(MouseEventArgs mevent)
   at System.Windows.Forms.Control.WmMouseUp(Message& m, MouseButtons button, Int32 clicks)
   at System.Windows.Forms.Control.WndProc(Message& m)
   at System.Windows.Forms.ButtonBase.WndProc(Message& m)
   at System.Windows.Forms.Button.WndProc(Message& m)
   at System.Windows.Forms.Control.ControlNativeWindow.OnMessage(Message& m)
   at System.Windows.Forms.Control.ControlNativeWindow.WndProc(Message& m)
   at System.Windows.Forms.NativeWindow.Callback(IntPtr hWnd, Int32 msg, IntPtr wparam, IntPtr lparam)
1. 4. 2010 9:39:10 [ThreadException] Object reference not set to an instance of an object.
   at WalburySoftware.TerminalControl.SendText(String command)
   at Robot.Robot1.button74_Click(Object sender, EventArgs e) in D:\_GPS_ROBOT\Robot_new_G4\Form_Main.cs:line 3393
   at System.Windows.Forms.Control.OnClick(EventArgs e)
   at System.Windows.Forms.Button.OnClick(EventArgs e)
   at System.Windows.Forms.Button.OnMouseUp(MouseEventArgs mevent)
   at System.Windows.Forms.Control.WmMouseUp(Message& m, MouseButtons button, Int32 clicks)
   at System.Windows.Forms.Control.WndProc(Message& m)
   at System.Windows.Forms.ButtonBase.WndProc(Message& m)
   at System.Windows.Forms.Button.WndProc(Message& m)
   at System.Windows.Forms.Control.ControlNativeWindow.OnMessage(Message& m)
   at System.Windows.Forms.Control.ControlNativeWindow.WndProc(Message& m)
   at System.Windows.Forms.NativeWindow.Callback(IntPtr hWnd, Int32 msg, IntPtr wparam, IntPtr lparam)
