30. 9. 2009 19:38:50 [ThreadException] Input string was not in a correct format.
   at System.Number.StringToNumber(String str, NumberStyles options, NumberBuffer& number, NumberFormatInfo info, Boolean parseDecimal)
   at System.Number.ParseSingle(String value, NumberStyles options, NumberFormatInfo numfmt)
   at System.Single.Parse(String s, NumberStyles style, NumberFormatInfo info)
   at System.Single.Parse(String s)
   at Robot.battery.rfiles(Graphics graf, Int32 mierka2) in D:\_GPS_ROBOT\Robot_new_cam_kin5_motion_3D_gmaps_color_rec_Feriancik\battery.cs:line 250
   at Robot.Robot.battmonstart_Click(Object sender, EventArgs e) in D:\_GPS_ROBOT\Robot_new_cam_kin5_motion_3D_gmaps_color_rec_Feriancik\Form_Main.cs:line 3311
   at System.Windows.Forms.Control.OnClick(EventArgs e)
   at System.Windows.Forms.Button.OnClick(EventArgs e)
   at System.Windows.Forms.Button.OnMouseUp(MouseEventArgs mevent)
   at System.Windows.Forms.Control.WmMouseUp(Message& m, MouseButtons button, Int32 clicks)
   at System.Windows.Forms.Control.WndProc(Message& m)
   at System.Windows.Forms.ButtonBase.WndProc(Message& m)
   at System.Windows.Forms.Button.WndProc(Message& m)
   at System.Windows.Forms.Control.ControlNativeWindow.OnMessage(Message& m)
   at System.Windows.Forms.Control.ControlNativeWindow.WndProc(Message& m)
   at System.Windows.Forms.NativeWindow.Callback(IntPtr hWnd, Int32 msg, IntPtr wparam, IntPtr lparam)
30. 9. 2009 19:38:59 [ThreadException] Input string was not in a correct format.
   at System.Number.StringToNumber(String str, NumberStyles options, NumberBuffer& number, NumberFormatInfo info, Boolean parseDecimal)
   at System.Number.ParseSingle(String value, NumberStyles options, NumberFormatInfo numfmt)
   at System.Single.Parse(String s, NumberStyles style, NumberFormatInfo info)
   at System.Single.Parse(String s)
   at Robot.battery.rfiles(Graphics graf, Int32 mierka2) in D:\_GPS_ROBOT\Robot_new_cam_kin5_motion_3D_gmaps_color_rec_Feriancik\battery.cs:line 250
   at Robot.Robot.battmonstart_Click(Object sender, EventArgs e) in D:\_GPS_ROBOT\Robot_new_cam_kin5_motion_3D_gmaps_color_rec_Feriancik\Form_Main.cs:line 3311
   at System.Windows.Forms.Control.OnClick(EventArgs e)
   at System.Windows.Forms.Button.OnClick(EventArgs e)
   at System.Windows.Forms.Button.OnMouseUp(MouseEventArgs mevent)
   at System.Windows.Forms.Control.WmMouseUp(Message& m, MouseButtons button, Int32 clicks)
   at System.Windows.Forms.Control.WndProc(Message& m)
   at System.Windows.Forms.ButtonBase.WndProc(Message& m)
   at System.Windows.Forms.Button.WndProc(Message& m)
   at System.Windows.Forms.Control.ControlNativeWindow.OnMessage(Message& m)
   at System.Windows.Forms.Control.ControlNativeWindow.WndProc(Message& m)
   at System.Windows.Forms.NativeWindow.Callback(IntPtr hWnd, Int32 msg, IntPtr wparam, IntPtr lparam)
30. 9. 2009 19:39:00 [ThreadException] Input string was not in a correct format.
   at System.Number.StringToNumber(String str, NumberStyles options, NumberBuffer& number, NumberFormatInfo info, Boolean parseDecimal)
   at System.Number.ParseSingle(String value, NumberStyles options, NumberFormatInfo numfmt)
   at System.Single.Parse(String s, NumberStyles style, NumberFormatInfo info)
   at System.Single.Parse(String s)
   at Robot.battery.rfiles(Graphics graf, Int32 mierka2) in D:\_GPS_ROBOT\Robot_new_cam_kin5_motion_3D_gmaps_color_rec_Feriancik\battery.cs:line 250
   at Robot.Robot.battmonstart_Click(Object sender, EventArgs e) in D:\_GPS_ROBOT\Robot_new_cam_kin5_motion_3D_gmaps_color_rec_Feriancik\Form_Main.cs:line 3311
   at System.Windows.Forms.Control.OnClick(EventArgs e)
   at System.Windows.Forms.Button.OnClick(EventArgs e)
   at System.Windows.Forms.Button.OnMouseUp(MouseEventArgs mevent)
   at System.Windows.Forms.Control.WmMouseUp(Message& m, MouseButtons button, Int32 clicks)
   at System.Windows.Forms.Control.WndProc(Message& m)
   at System.Windows.Forms.ButtonBase.WndProc(Message& m)
   at System.Windows.Forms.Button.WndProc(Message& m)
   at System.Windows.Forms.Control.ControlNativeWindow.OnMessage(Message& m)
   at System.Windows.Forms.Control.ControlNativeWindow.WndProc(Message& m)
   at System.Windows.Forms.NativeWindow.Callback(IntPtr hWnd, Int32 msg, IntPtr wparam, IntPtr lparam)
30. 9. 2009 19:39:11 [ThreadException] Input string was not in a correct format.
   at System.Number.StringToNumber(String str, NumberStyles options, NumberBuffer& number, NumberFormatInfo info, Boolean parseDecimal)
   at System.Number.ParseSingle(String value, NumberStyles options, NumberFormatInfo numfmt)
   at System.Single.Parse(String s, NumberStyles style, NumberFormatInfo info)
   at System.Single.Parse(String s)
   at Robot.battery.rfiles(Graphics graf, Int32 mierka2) in D:\_GPS_ROBOT\Robot_new_cam_kin5_motion_3D_gmaps_color_rec_Feriancik\battery.cs:line 250
   at Robot.Robot.battmonstart_Click(Object sender, EventArgs e) in D:\_GPS_ROBOT\Robot_new_cam_kin5_motion_3D_gmaps_color_rec_Feriancik\Form_Main.cs:line 3311
   at System.Windows.Forms.Control.OnClick(EventArgs e)
   at System.Windows.Forms.Button.OnClick(EventArgs e)
   at System.Windows.Forms.Button.OnMouseUp(MouseEventArgs mevent)
   at System.Windows.Forms.Control.WmMouseUp(Message& m, MouseButtons button, Int32 clicks)
   at System.Windows.Forms.Control.WndProc(Message& m)
   at System.Windows.Forms.ButtonBase.WndProc(Message& m)
   at System.Windows.Forms.Button.WndProc(Message& m)
   at System.Windows.Forms.Control.ControlNativeWindow.OnMessage(Message& m)
   at System.Windows.Forms.Control.ControlNativeWindow.WndProc(Message& m)
   at System.Windows.Forms.NativeWindow.Callback(IntPtr hWnd, Int32 msg, IntPtr wparam, IntPtr lparam)
1. 10. 2009 6:44:53 [regular] Object reference not set to an instance of an object.
   at Poderosa.Terminal.TerminalDataReceiver.DataArrived(Byte[] data, Int32 offset, Int32 count)
1. 10. 2009 6:44:53 [regular] Object reference not set to an instance of an object.
   at Poderosa.Terminal.TerminalDataReceiver.DataArrived(Byte[] data, Int32 offset, Int32 count)
1. 10. 2009 6:44:53 [regular] Object reference not set to an instance of an object.
   at Poderosa.Terminal.TerminalDataReceiver.DataArrived(Byte[] data, Int32 offset, Int32 count)
6. 10. 2009 8:15:31 [ThreadException] Input string was not in a correct format.
   at System.Number.StringToNumber(String str, NumberStyles options, NumberBuffer& number, NumberFormatInfo info, Boolean parseDecimal)
   at System.Number.ParseSingle(String value, NumberStyles options, NumberFormatInfo numfmt)
   at System.Single.Parse(String s, NumberStyles style, NumberFormatInfo info)
   at System.Single.Parse(String s)
   at Robot.Robot1.button31_Click(Object sender, EventArgs e) in D:\_GPS_ROBOT\Robot_new_cam_kin5_motion_3D_gmaps_color_rec_Feriancik\Form_Main.cs:line 2738
   at System.Windows.Forms.Control.OnClick(EventArgs e)
   at System.Windows.Forms.Button.OnClick(EventArgs e)
   at System.Windows.Forms.Button.OnMouseUp(MouseEventArgs mevent)
   at System.Windows.Forms.Control.WmMouseUp(Message& m, MouseButtons button, Int32 clicks)
   at System.Windows.Forms.Control.WndProc(Message& m)
   at System.Windows.Forms.ButtonBase.WndProc(Message& m)
   at System.Windows.Forms.Button.WndProc(Message& m)
   at System.Windows.Forms.Control.ControlNativeWindow.OnMessage(Message& m)
   at System.Windows.Forms.Control.ControlNativeWindow.WndProc(Message& m)
   at System.Windows.Forms.NativeWindow.Callback(IntPtr hWnd, Int32 msg, IntPtr wparam, IntPtr lparam)
6. 10. 2009 8:15:31 [ThreadException] Input string was not in a correct format.
   at System.Number.StringToNumber(String str, NumberStyles options, NumberBuffer& number, NumberFormatInfo info, Boolean parseDecimal)
   at System.Number.ParseSingle(String value, NumberStyles options, NumberFormatInfo numfmt)
   at System.Single.Parse(String s, NumberStyles style, NumberFormatInfo info)
   at System.Single.Parse(String s)
   at Robot.Robot1.button31_Click(Object sender, EventArgs e) in D:\_GPS_ROBOT\Robot_new_cam_kin5_motion_3D_gmaps_color_rec_Feriancik\Form_Main.cs:line 2738
   at System.Windows.Forms.Control.OnClick(EventArgs e)
   at System.Windows.Forms.Button.OnClick(EventArgs e)
   at System.Windows.Forms.Button.OnMouseUp(MouseEventArgs mevent)
   at System.Windows.Forms.Control.WmMouseUp(Message& m, MouseButtons button, Int32 clicks)
   at System.Windows.Forms.Control.WndProc(Message& m)
   at System.Windows.Forms.ButtonBase.WndProc(Message& m)
   at System.Windows.Forms.Button.WndProc(Message& m)
   at System.Windows.Forms.Control.ControlNativeWindow.OnMessage(Message& m)
   at System.Windows.Forms.Control.ControlNativeWindow.WndProc(Message& m)
   at System.Windows.Forms.NativeWindow.Callback(IntPtr hWnd, Int32 msg, IntPtr wparam, IntPtr lparam)
